2019/06/12 09:48:26 [error] [php] include(Users.php): failed to open stream: No such file or directory (C:\xampp\htdocs\yiiframework\yii\framework\YiiBase.php:463)
Stack trace:
#0 C:\xampp\htdocs\yiiframework\usercrud\protected\controllers\UserController.php(7): spl_autoload_call()
#1 C:\xampp\htdocs\yiiframework\yii\framework\web\actions\CInlineAction.php(49): UserController->actionIndex()
#2 C:\xampp\htdocs\yiiframework\yii\framework\web\CController.php(308): CInlineAction->runWithParams()
#3 C:\xampp\htdocs\yiiframework\yii\framework\web\CController.php(286): UserController->runAction()
#4 C:\xampp\htdocs\yiiframework\yii\framework\web\CController.php(265): UserController->runActionWithFilters()
#5 C:\xampp\htdocs\yiiframework\yii\framework\web\CWebApplication.php(282): UserController->run()
#6 C:\xampp\htdocs\yiiframework\yii\framework\web\CWebApplication.php(141): CWebApplication->runController()
#7 C:\xampp\htdocs\yiiframework\yii\framework\base\CApplication.php(185): CWebApplication->processRequest()
#8 C:\xampp\htdocs\yiiframework\usercrud\index.php(13): CWebApplication->run()
REQUEST_URI=/index.php?r=User/index
in C:\xampp\htdocs\yiiframework\usercrud\protected\controllers\UserController.php (7)
in C:\xampp\htdocs\yiiframework\usercrud\index.php (13)
2019/06/12 10:46:53 [error] [php] A non-numeric value encountered (C:\xampp\htdocs\yiiframework\usercrud\protected\views\users\_view.php:13)
Stack trace:
#0 C:\xampp\htdocs\yiiframework\yii\framework\zii\widgets\CListView.php(291): UsersController->renderFile()
#1 C:\xampp\htdocs\yiiframework\yii\framework\zii\widgets\CBaseListView.php(181): CListView->renderItems()
#2 unknown(0): CListView->renderSection()
#3 C:\xampp\htdocs\yiiframework\yii\framework\zii\widgets\CBaseListView.php(164): preg_replace_callback()
#4 C:\xampp\htdocs\yiiframework\yii\framework\zii\widgets\CBaseListView.php(149): CListView->renderContent()
#5 C:\xampp\htdocs\yiiframework\yii\framework\web\CBaseController.php(182): CListView->run()
#6 C:\xampp\htdocs\yiiframework\usercrud\protected\views\users\index.php(19): UsersController->widget()
#7 C:\xampp\htdocs\yiiframework\yii\framework\web\CBaseController.php(126): require()
#8 C:\xampp\htdocs\yiiframework\yii\framework\web\CBaseController.php(95): UsersController->renderInternal()
#9 C:\xampp\htdocs\yiiframework\yii\framework\web\CController.php(872): UsersController->renderFile()
#10 C:\xampp\htdocs\yiiframework\yii\framework\web\CController.php(785): UsersController->renderPartial()
#11 C:\xampp\htdocs\yiiframework\usercrud\protected\controllers\UsersController.php(127): UsersController->render()
#12 C:\xampp\htdocs\yiiframework\yii\framework\web\actions\CInlineAction.php(49): UsersController->actionIndex()
#13 C:\xampp\htdocs\yiiframework\yii\framework\web\CController.php(308): CInlineAction->runWithParams()
#14 C:\xampp\htdocs\yiiframework\yii\framework\web\filters\CFilterChain.php(134): UsersController->runAction()
#15 C:\xampp\htdocs\yiiframework\yii\framework\web\filters\CFilter.php(40): CFilterChain->run()
#16 C:\xampp\htdocs\yiiframework\yii\framework\web\CController.php(1148): CAccessControlFilter->filter()
#17 C:\xampp\htdocs\yiiframework\yii\framework\web\filters\CInlineFilter.php(58): UsersController->filterAccessControl()
#18 C:\xampp\htdocs\yiiframework\yii\framework\web\filters\CFilterChain.php(131): CInlineFilter->filter()
#19 C:\xampp\htdocs\yiiframework\yii\framework\web\CController.php(291): CFilterChain->run()
#20 C:\xampp\htdocs\yiiframework\yii\framework\web\CController.php(265): UsersController->runActionWithFilters()
#21 C:\xampp\htdocs\yiiframework\yii\framework\web\CWebApplication.php(282): UsersController->run()
#22 C:\xampp\htdocs\yiiframework\yii\framework\web\CWebApplication.php(141): CWebApplication->runController()
#23 C:\xampp\htdocs\yiiframework\yii\framework\base\CApplication.php(185): CWebApplication->processRequest()
#24 C:\xampp\htdocs\yiiframework\usercrud\index.php(13): CWebApplication->run()
REQUEST_URI=/index.php?r=users/index
in C:\xampp\htdocs\yiiframework\usercrud\protected\views\users\_view.php (13)
in C:\xampp\htdocs\yiiframework\usercrud\protected\views\users\index.php (19)
in C:\xampp\htdocs\yiiframework\usercrud\protected\controllers\UsersController.php (127)
2019/06/12 10:47:52 [error] [php] A non-numeric value encountered (C:\xampp\htdocs\yiiframework\usercrud\protected\views\users\_view.php:13)
Stack trace:
#0 C:\xampp\htdocs\yiiframework\yii\framework\zii\widgets\CListView.php(291): UsersController->renderFile()
#1 C:\xampp\htdocs\yiiframework\yii\framework\zii\widgets\CBaseListView.php(181): CListView->renderItems()
#2 unknown(0): CListView->renderSection()
#3 C:\xampp\htdocs\yiiframework\yii\framework\zii\widgets\CBaseListView.php(164): preg_replace_callback()
#4 C:\xampp\htdocs\yiiframework\yii\framework\zii\widgets\CBaseListView.php(149): CListView->renderContent()
#5 C:\xampp\htdocs\yiiframework\yii\framework\web\CBaseController.php(182): CListView->run()
#6 C:\xampp\htdocs\yiiframework\usercrud\protected\views\users\index.php(19): UsersController->widget()
#7 C:\xampp\htdocs\yiiframework\yii\framework\web\CBaseController.php(126): require()
#8 C:\xampp\htdocs\yiiframework\yii\framework\web\CBaseController.php(95): UsersController->renderInternal()
#9 C:\xampp\htdocs\yiiframework\yii\framework\web\CController.php(872): UsersController->renderFile()
#10 C:\xampp\htdocs\yiiframework\yii\framework\web\CController.php(785): UsersController->renderPartial()
#11 C:\xampp\htdocs\yiiframework\usercrud\protected\controllers\UsersController.php(127): UsersController->render()
#12 C:\xampp\htdocs\yiiframework\yii\framework\web\actions\CInlineAction.php(49): UsersController->actionIndex()
#13 C:\xampp\htdocs\yiiframework\yii\framework\web\CController.php(308): CInlineAction->runWithParams()
#14 C:\xampp\htdocs\yiiframework\yii\framework\web\filters\CFilterChain.php(134): UsersController->runAction()
#15 C:\xampp\htdocs\yiiframework\yii\framework\web\filters\CFilter.php(40): CFilterChain->run()
#16 C:\xampp\htdocs\yiiframework\yii\framework\web\CController.php(1148): CAccessControlFilter->filter()
#17 C:\xampp\htdocs\yiiframework\yii\framework\web\filters\CInlineFilter.php(58): UsersController->filterAccessControl()
#18 C:\xampp\htdocs\yiiframework\yii\framework\web\filters\CFilterChain.php(131): CInlineFilter->filter()
#19 C:\xampp\htdocs\yiiframework\yii\framework\web\CController.php(291): CFilterChain->run()
#20 C:\xampp\htdocs\yiiframework\yii\framework\web\CController.php(265): UsersController->runActionWithFilters()
#21 C:\xampp\htdocs\yiiframework\yii\framework\web\CWebApplication.php(282): UsersController->run()
#22 C:\xampp\htdocs\yiiframework\yii\framework\web\CWebApplication.php(141): CWebApplication->runController()
#23 C:\xampp\htdocs\yiiframework\yii\framework\base\CApplication.php(185): CWebApplication->processRequest()
#24 C:\xampp\htdocs\yiiframework\usercrud\index.php(13): CWebApplication->run()
REQUEST_URI=/index.php?r=users/index
in C:\xampp\htdocs\yiiframework\usercrud\protected\views\users\_view.php (13)
in C:\xampp\htdocs\yiiframework\usercrud\protected\views\users\index.php (19)
in C:\xampp\htdocs\yiiframework\usercrud\protected\controllers\UsersController.php (127)
2019/06/12 10:47:53 [error] [php] A non-numeric value encountered (C:\xampp\htdocs\yiiframework\usercrud\protected\views\users\_view.php:13)
Stack trace:
#0 C:\xampp\htdocs\yiiframework\yii\framework\zii\widgets\CListView.php(291): UsersController->renderFile()
#1 C:\xampp\htdocs\yiiframework\yii\framework\zii\widgets\CBaseListView.php(181): CListView->renderItems()
#2 unknown(0): CListView->renderSection()
#3 C:\xampp\htdocs\yiiframework\yii\framework\zii\widgets\CBaseListView.php(164): preg_replace_callback()
#4 C:\xampp\htdocs\yiiframework\yii\framework\zii\widgets\CBaseListView.php(149): CListView->renderContent()
#5 C:\xampp\htdocs\yiiframework\yii\framework\web\CBaseController.php(182): CListView->run()
#6 C:\xampp\htdocs\yiiframework\usercrud\protected\views\users\index.php(19): UsersController->widget()
#7 C:\xampp\htdocs\yiiframework\yii\framework\web\CBaseController.php(126): require()
#8 C:\xampp\htdocs\yiiframework\yii\framework\web\CBaseController.php(95): UsersController->renderInternal()
#9 C:\xampp\htdocs\yiiframework\yii\framework\web\CController.php(872): UsersController->renderFile()
#10 C:\xampp\htdocs\yiiframework\yii\framework\web\CController.php(785): UsersController->renderPartial()
#11 C:\xampp\htdocs\yiiframework\usercrud\protected\controllers\UsersController.php(127): UsersController->render()
#12 C:\xampp\htdocs\yiiframework\yii\framework\web\actions\CInlineAction.php(49): UsersController->actionIndex()
#13 C:\xampp\htdocs\yiiframework\yii\framework\web\CController.php(308): CInlineAction->runWithParams()
#14 C:\xampp\htdocs\yiiframework\yii\framework\web\filters\CFilterChain.php(134): UsersController->runAction()
#15 C:\xampp\htdocs\yiiframework\yii\framework\web\filters\CFilter.php(40): CFilterChain->run()
#16 C:\xampp\htdocs\yiiframework\yii\framework\web\CController.php(1148): CAccessControlFilter->filter()
#17 C:\xampp\htdocs\yiiframework\yii\framework\web\filters\CInlineFilter.php(58): UsersController->filterAccessControl()
#18 C:\xampp\htdocs\yiiframework\yii\framework\web\filters\CFilterChain.php(131): CInlineFilter->filter()
#19 C:\xampp\htdocs\yiiframework\yii\framework\web\CController.php(291): CFilterChain->run()
#20 C:\xampp\htdocs\yiiframework\yii\framework\web\CController.php(265): UsersController->runActionWithFilters()
#21 C:\xampp\htdocs\yiiframework\yii\framework\web\CWebApplication.php(282): UsersController->run()
#22 C:\xampp\htdocs\yiiframework\yii\framework\web\CWebApplication.php(141): CWebApplication->runController()
#23 C:\xampp\htdocs\yiiframework\yii\framework\base\CApplication.php(185): CWebApplication->processRequest()
#24 C:\xampp\htdocs\yiiframework\usercrud\index.php(13): CWebApplication->run()
REQUEST_URI=/index.php?r=users/index
in C:\xampp\htdocs\yiiframework\usercrud\protected\views\users\_view.php (13)
in C:\xampp\htdocs\yiiframework\usercrud\protected\views\users\index.php (19)
in C:\xampp\htdocs\yiiframework\usercrud\protected\controllers\UsersController.php (127)
2019/06/12 11:08:13 [error] [exception.CHttpException.403] CHttpException: You are not authorized to perform this action. in C:\xampp\htdocs\yiiframework\yii\framework\web\auth\CAccessControlFilter.php:183
Stack trace:
#0 C:\xampp\htdocs\yiiframework\yii\framework\web\auth\CAccessControlFilter.php(145): CAccessControlFilter->accessDenied(Object(CWebUser), 'You are not aut...')
#1 C:\xampp\htdocs\yiiframework\yii\framework\web\filters\CFilter.php(38): CAccessControlFilter->preFilter(Object(CFilterChain))
#2 C:\xampp\htdocs\yiiframework\yii\framework\web\CController.php(1148): CFilter->filter(Object(CFilterChain))
#3 C:\xampp\htdocs\yiiframework\yii\framework\web\filters\CInlineFilter.php(58): CController->filterAccessControl(Object(CFilterChain))
#4 C:\xampp\htdocs\yiiframework\yii\framework\web\filters\CFilterChain.php(131): CInlineFilter->filter(Object(CFilterChain))
#5 C:\xampp\htdocs\yiiframework\yii\framework\web\CController.php(291): CFilterChain->run()
#6 C:\xampp\htdocs\yiiframework\yii\framework\web\CController.php(265): CController->runActionWithFilters(Object(CInlineAction), Array)
#7 C:\xampp\htdocs\yiiframework\yii\framework\web\CWebApplication.php(282): CController->run('admin')
#8 C:\xampp\htdocs\yiiframework\yii\framework\web\CWebApplication.php(141): CWebApplication->runController('users/admin')
#9 C:\xampp\htdocs\yiiframework\yii\framework\base\CApplication.php(185): CWebApplication->processRequest()
#10 C:\xampp\htdocs\yiiframework\usercrud\index.php(13): CApplication->run()
#11 {main}
REQUEST_URI=/index.php?r=users/admin
HTTP_REFERER=http://localhost/index.php?r=users/index
---
2019/06/12 11:11:35 [error] [exception.CHttpException.404] CHttpException: Unable to resolve the request "crud/index". in C:\xampp\htdocs\yiiframework\yii\framework\web\CWebApplication.php:286
Stack trace:
#0 C:\xampp\htdocs\yiiframework\yii\framework\web\CWebApplication.php(141): CWebApplication->runController('crud/index')
#1 C:\xampp\htdocs\yiiframework\yii\framework\base\CApplication.php(185): CWebApplication->processRequest()
#2 C:\xampp\htdocs\yiiframework\usercrud\index.php(13): CApplication->run()
#3 {main}
REQUEST_URI=/index.php?r=crud%2Findex
---
2019/06/12 11:26:10 [error] [exception.CHttpException.404] CHttpException: The system is unable to find the requested action "user". in C:\xampp\htdocs\yiiframework\yii\framework\web\CController.php:486
Stack trace:
#0 C:\xampp\htdocs\yiiframework\yii\framework\web\CController.php(270): CController->missingAction('user')
#1 C:\xampp\htdocs\yiiframework\yii\framework\web\CWebApplication.php(282): CController->run('user')
#2 C:\xampp\htdocs\yiiframework\yii\framework\web\CWebApplication.php(141): CWebApplication->runController('site/user')
#3 C:\xampp\htdocs\yiiframework\yii\framework\base\CApplication.php(185): CWebApplication->processRequest()
#4 C:\xampp\htdocs\yiiframework\usercrud\index.php(13): CApplication->run()
#5 {main}
REQUEST_URI=/index.php?r=site%2Fuser
---
2019/06/12 11:26:48 [error] [system.db.CDbCommand] CDbCommand::fetch() failed: SQLSTATE[42S22]: Column not found: 1054 Unknown column 'anshul_t' in 'where clause'. The SQL statement executed was: SELECT * FROM `crud_reg` `t` WHERE username = anshul_t LIMIT 1.
in C:\xampp\htdocs\yiiframework\usercrud\protected\components\UserIdentity.php (23)
in C:\xampp\htdocs\yiiframework\usercrud\protected\models\LoginForm.php (54)
in C:\xampp\htdocs\yiiframework\usercrud\protected\controllers\SiteController.php (94)
2019/06/12 11:26:48 [error] [exception.CDbException] CDbException: CDbCommand failed to execute the SQL statement: SQLSTATE[42S22]: Column not found: 1054 Unknown column 'anshul_t' in 'where clause'. The SQL statement executed was: SELECT * FROM `crud_reg` `t` WHERE username = anshul_t LIMIT 1 in C:\xampp\htdocs\yiiframework\yii\framework\db\CDbCommand.php:543
Stack trace:
#0 C:\xampp\htdocs\yiiframework\yii\framework\db\CDbCommand.php(415): CDbCommand->queryInternal('fetch', Array, Array)
#1 C:\xampp\htdocs\yiiframework\yii\framework\db\ar\CActiveRecord.php(1359): CDbCommand->queryRow()
#2 C:\xampp\htdocs\yiiframework\yii\framework\db\ar\CActiveRecord.php(1464): CActiveRecord->query(Object(CDbCriteria))
#3 C:\xampp\htdocs\yiiframework\usercrud\protected\components\UserIdentity.php(23): CActiveRecord->find(Array)
#4 C:\xampp\htdocs\yiiframework\usercrud\protected\models\LoginForm.php(54): UserIdentity->authenticate()
#5 C:\xampp\htdocs\yiiframework\yii\framework\validators\CInlineValidator.php(42): LoginForm->authenticate('password', Array)
#6 C:\xampp\htdocs\yiiframework\yii\framework\validators\CValidator.php(201): CInlineValidator->validateAttribute(Object(LoginForm), 'password')
#7 C:\xampp\htdocs\yiiframework\yii\framework\base\CModel.php(159): CValidator->validate(Object(LoginForm), Array)
#8 C:\xampp\htdocs\yiiframework\usercrud\protected\controllers\SiteController.php(94): CModel->validate()
#9 C:\xampp\htdocs\yiiframework\yii\framework\web\actions\CInlineAction.php(49): SiteController->actionLogin()
#10 C:\xampp\htdocs\yiiframework\yii\framework\web\CController.php(308): CInlineAction->runWithParams(Array)
#11 C:\xampp\htdocs\yiiframework\yii\framework\web\CController.php(286): CController->runAction(Object(CInlineAction))
#12 C:\xampp\htdocs\yiiframework\yii\framework\web\CController.php(265): CController->runActionWithFilters(Object(CInlineAction), Array)
#13 C:\xampp\htdocs\yiiframework\yii\framework\web\CWebApplication.php(282): CController->run('login')
#14 C:\xampp\htdocs\yiiframework\yii\framework\web\CWebApplication.php(141): CWebApplication->runController('site/login')
#15 C:\xampp\htdocs\yiiframework\yii\framework\base\CApplication.php(185): CWebApplication->processRequest()
#16 C:\xampp\htdocs\yiiframework\usercrud\index.php(13): CApplication->run()
#17 {main}
REQUEST_URI=/index.php?r=site/login
HTTP_REFERER=http://localhost/index.php?r=site/login
---
2019/06/12 12:00:43 [error] [exception.CHttpException.404] CHttpException: The system is unable to find the requested action "register". in C:\xampp\htdocs\yiiframework\yii\framework\web\CController.php:486
Stack trace:
#0 C:\xampp\htdocs\yiiframework\yii\framework\web\CController.php(270): CController->missingAction('register')
#1 C:\xampp\htdocs\yiiframework\yii\framework\web\CWebApplication.php(282): CController->run('register')
#2 C:\xampp\htdocs\yiiframework\yii\framework\web\CWebApplication.php(141): CWebApplication->runController('site/register')
#3 C:\xampp\htdocs\yiiframework\yii\framework\base\CApplication.php(185): CWebApplication->processRequest()
#4 C:\xampp\htdocs\yiiframework\usercrud\index.php(13): CApplication->run()
#5 {main}
REQUEST_URI=/index.php?r=site/register
---
2019/06/12 12:01:42 [error] [exception.CHttpException.403] CHttpException: You are not authorized to perform this action. in C:\xampp\htdocs\yiiframework\yii\framework\web\auth\CAccessControlFilter.php:183
Stack trace:
#0 C:\xampp\htdocs\yiiframework\yii\framework\web\auth\CAccessControlFilter.php(145): CAccessControlFilter->accessDenied(Object(CWebUser), 'You are not aut...')
#1 C:\xampp\htdocs\yiiframework\yii\framework\web\filters\CFilter.php(38): CAccessControlFilter->preFilter(Object(CFilterChain))
#2 C:\xampp\htdocs\yiiframework\yii\framework\web\CController.php(1148): CFilter->filter(Object(CFilterChain))
#3 C:\xampp\htdocs\yiiframework\yii\framework\web\filters\CInlineFilter.php(58): CController->filterAccessControl(Object(CFilterChain))
#4 C:\xampp\htdocs\yiiframework\yii\framework\web\filters\CFilterChain.php(131): CInlineFilter->filter(Object(CFilterChain))
#5 C:\xampp\htdocs\yiiframework\yii\framework\web\CController.php(291): CFilterChain->run()
#6 C:\xampp\htdocs\yiiframework\yii\framework\web\CController.php(265): CController->runActionWithFilters(Object(CInlineAction), Array)
#7 C:\xampp\htdocs\yiiframework\yii\framework\web\CWebApplication.php(282): CController->run('register')
#8 C:\xampp\htdocs\yiiframework\yii\framework\web\CWebApplication.php(141): CWebApplication->runController('users/register')
#9 C:\xampp\htdocs\yiiframework\yii\framework\base\CApplication.php(185): CWebApplication->processRequest()
#10 C:\xampp\htdocs\yiiframework\usercrud\index.php(13): CApplication->run()
#11 {main}
REQUEST_URI=/index.php?r=users/register
HTTP_REFERER=http://localhost/index.php?r=site/login
---
2019/06/12 12:13:47 [error] [exception.CException] CException: UsersController cannot find the requested view "_register". in C:\xampp\htdocs\yiiframework\yii\framework\web\CController.php:881
Stack trace:
#0 C:\xampp\htdocs\yiiframework\usercrud\protected\views\users\register.php(18): CController->renderPartial('_register', Array)
#1 C:\xampp\htdocs\yiiframework\yii\framework\web\CBaseController.php(126): require('C:\\xampp\\htdocs...')
#2 C:\xampp\htdocs\yiiframework\yii\framework\web\CBaseController.php(95): CBaseController->renderInternal('C:\\xampp\\htdocs...', Array, true)
#3 C:\xampp\htdocs\yiiframework\yii\framework\web\CController.php(872): CBaseController->renderFile('C:\\xampp\\htdocs...', Array, true)
#4 C:\xampp\htdocs\yiiframework\yii\framework\web\CController.php(785): CController->renderPartial('register', Array, true)
#5 C:\xampp\htdocs\yiiframework\usercrud\protected\controllers\UsersController.php(207): CController->render('register', Array)
#6 C:\xampp\htdocs\yiiframework\yii\framework\web\actions\CInlineAction.php(49): UsersController->actionRegister()
#7 C:\xampp\htdocs\yiiframework\yii\framework\web\CController.php(308): CInlineAction->runWithParams(Array)
#8 C:\xampp\htdocs\yiiframework\yii\framework\web\filters\CFilterChain.php(134): CController->runAction(Object(CInlineAction))
#9 C:\xampp\htdocs\yiiframework\yii\framework\web\filters\CFilter.php(40): CFilterChain->run()
#10 C:\xampp\htdocs\yiiframework\yii\framework\web\CController.php(1148): CFilter->filter(Object(CFilterChain))
#11 C:\xampp\htdocs\yiiframework\yii\framework\web\filters\CInlineFilter.php(58): CController->filterAccessControl(Object(CFilterChain))
#12 C:\xampp\htdocs\yiiframework\yii\framework\web\filters\CFilterChain.php(131): CInlineFilter->filter(Object(CFilterChain))
#13 C:\xampp\htdocs\yiiframework\yii\framework\web\CController.php(291): CFilterChain->run()
#14 C:\xampp\htdocs\yiiframework\yii\framework\web\CController.php(265): CController->runActionWithFilters(Object(CInlineAction), Array)
#15 C:\xampp\htdocs\yiiframework\yii\framework\web\CWebApplication.php(282): CController->run('register')
#16 C:\xampp\htdocs\yiiframework\yii\framework\web\CWebApplication.php(141): CWebApplication->runController('users/register')
#17 C:\xampp\htdocs\yiiframework\yii\framework\base\CApplication.php(185): CWebApplication->processRequest()
#18 C:\xampp\htdocs\yiiframework\usercrud\index.php(13): CApplication->run()
#19 {main}
REQUEST_URI=/index.php?r=users/register
---
2019/06/12 12:29:53 [error] [php] include(User.php): failed to open stream: No such file or directory (C:\xampp\htdocs\yiiframework\yii\framework\YiiBase.php:463)
Stack trace:
#0 C:\xampp\htdocs\yiiframework\usercrud\protected\controllers\UsersController.php(179): spl_autoload_call()
#1 C:\xampp\htdocs\yiiframework\yii\framework\web\actions\CInlineAction.php(49): UsersController->actionRegister()
#2 C:\xampp\htdocs\yiiframework\yii\framework\web\CController.php(308): CInlineAction->runWithParams()
#3 C:\xampp\htdocs\yiiframework\yii\framework\web\filters\CFilterChain.php(134): UsersController->runAction()
#4 C:\xampp\htdocs\yiiframework\yii\framework\web\filters\CFilter.php(40): CFilterChain->run()
#5 C:\xampp\htdocs\yiiframework\yii\framework\web\CController.php(1148): CAccessControlFilter->filter()
#6 C:\xampp\htdocs\yiiframework\yii\framework\web\filters\CInlineFilter.php(58): UsersController->filterAccessControl()
#7 C:\xampp\htdocs\yiiframework\yii\framework\web\filters\CFilterChain.php(131): CInlineFilter->filter()
#8 C:\xampp\htdocs\yiiframework\yii\framework\web\CController.php(291): CFilterChain->run()
#9 C:\xampp\htdocs\yiiframework\yii\framework\web\CController.php(265): UsersController->runActionWithFilters()
#10 C:\xampp\htdocs\yiiframework\yii\framework\web\CWebApplication.php(282): UsersController->run()
#11 C:\xampp\htdocs\yiiframework\yii\framework\web\CWebApplication.php(141): CWebApplication->runController()
#12 C:\xampp\htdocs\yiiframework\yii\framework\base\CApplication.php(185): CWebApplication->processRequest()
#13 C:\xampp\htdocs\yiiframework\usercrud\index.php(13): CWebApplication->run()
REQUEST_URI=/index.php?r=users/register
in C:\xampp\htdocs\yiiframework\usercrud\protected\controllers\UsersController.php (179)
in C:\xampp\htdocs\yiiframework\usercrud\index.php (13)
2019/06/12 13:23:29 [error] [php] Undefined index: Users (C:\xampp\htdocs\yiiframework\usercrud\protected\controllers\UsersController.php:192)
Stack trace:
#0 C:\xampp\htdocs\yiiframework\yii\framework\web\filters\CFilterChain.php(134): UsersController->runAction()
#1 C:\xampp\htdocs\yiiframework\yii\framework\web\filters\CFilter.php(40): CFilterChain->run()
#2 C:\xampp\htdocs\yiiframework\yii\framework\web\CController.php(1148): CAccessControlFilter->filter()
#3 C:\xampp\htdocs\yiiframework\yii\framework\web\filters\CInlineFilter.php(58): UsersController->filterAccessControl()
#4 C:\xampp\htdocs\yiiframework\yii\framework\web\filters\CFilterChain.php(131): CInlineFilter->filter()
#5 C:\xampp\htdocs\yiiframework\yii\framework\web\CController.php(291): CFilterChain->run()
#6 C:\xampp\htdocs\yiiframework\yii\framework\web\CController.php(265): UsersController->runActionWithFilters()
#7 C:\xampp\htdocs\yiiframework\yii\framework\web\CWebApplication.php(282): UsersController->run()
#8 C:\xampp\htdocs\yiiframework\yii\framework\web\CWebApplication.php(141): CWebApplication->runController()
#9 C:\xampp\htdocs\yiiframework\yii\framework\base\CApplication.php(185): CWebApplication->processRequest()
#10 C:\xampp\htdocs\yiiframework\usercrud\index.php(13): CWebApplication->run()
REQUEST_URI=/index.php?r=users/register
in C:\xampp\htdocs\yiiframework\usercrud\protected\controllers\UsersController.php (192)
in C:\xampp\htdocs\yiiframework\usercrud\index.php (13)
